<?xml version="1.0" encoding="UTF-8"?>
<!-- Generated by org.testng.reporters.JUnitXMLReporter -->
<testsuite hostname="DESKTOP-KHIEM2O" ignored="0" name="Surefire test" tests="2" failures="1" timestamp="2021-11-11T18:17:06 UZT" time="52.3" errors="0">
  <testcase name="search" time="34.537" classname="test1.LoginTest"/>
  <testcase name="search1" time="14.602" classname="test1.LoginTest">
    <failure type="java.lang.AssertionError">
      <![CDATA[java.lang.AssertionError
at org.junit.Assert.fail(Assert.java:86)
at org.junit.Assert.assertTrue(Assert.java:41)
at org.junit.Assert.assertTrue(Assert.java:52)
at test1.LoginTest.search1(LoginTest.java:39)
at java.util.ArrayList.forEach(ArrayList.java:1257)
... Removed 32 stack frames]]>
    </failure>
  </testcase> <!-- search1 -->
</testsuite> <!-- Surefire test -->
