<?xml version="1.0" encoding="UTF-8"?>
<!-- Generated by org.testng.reporters.JUnitXMLReporter -->
<testsuite hostname="DESKTOP-KHIEM2O" ignored="0" name="Test" tests="13" failures="1" timestamp="2021-11-12T10:55:23 UZT" time="173.934" errors="0">
  <testcase name="loginMailValidation" time="18.199" classname="test1.LoginDisklTest2"/>
  <testcase name="loginAppValidation" time="9.959" classname="test1.LoginAppTest"/>
  <testcase name="loginMailValidation" time="15.598" classname="test1.LoginMailTest">
    <failure type="java.lang.AssertionError" message="expected [https://mail.yandex.ru/?uid=1514094372#tabs/relevant] but found [https://mail.yandex.ru/#tabs/relevant]">
      <![CDATA[java.lang.AssertionError: expected [https://mail.yandex.ru/?uid=1514094372#tabs/relevant] but found [https://mail.yandex.ru/#tabs/relevant]
at test1.LoginMailTest.loginMailValidation(LoginMailTest.java:45)
at java.util.ArrayList.forEach(ArrayList.java:1257)
... Removed 37 stack frames]]>
    </failure>
  </testcase> <!-- loginMailValidation -->
  <testcase name="emptySearchValidation" time="0.588" classname="test1.HomePageTest"/>
  <testcase name="feedBarValidation" time="3.2" classname="test1.HomePageTest"/>
  <testcase name="loginBarValidation" time="0.557" classname="test1.HomePageTest"/>
  <testcase name="servicesBarValidation" time="0.118" classname="test1.HomePageTest"/>
  <testcase name="sideBarValidation" time="1.904" classname="test1.HomePageTest"/>
  <testcase name="topNewsBarValidation" time="0.198" classname="test1.HomePageTest"/>
  <testcase name="weatherBarValidation" time="0.06" classname="test1.HomePageTest"/>
  <testcase name="keyboardValidation" time="2.594" classname="test1.SearchVoiceTest"/>
  <testcase name="keyboardValidation" time="30.696" classname="test1.SearchKeyboardTest"/>
  <testcase name="searchValidation" time="4.163" classname="test1.SearchBoxTest"/>
</testsuite> <!-- Test -->
